<?xml version="1.0" encoding="UTF-8"?>
<testng-results ignored="0" total="2" passed="2" failed="0" skipped="0">
  <reporter-output>
  </reporter-output>
  <suite started-at="2019-11-15T22:15:39Z" name="Suite" finished-at="2019-11-15T22:15:39Z" duration-ms="54">
    <groups>
    </groups>
    <test started-at="2019-11-15T22:15:39Z" name="Test" finished-at="2019-11-15T22:15:39Z" duration-ms="54">
      <class name="sample.MavenFramework.RestAPITest">
        <test-method signature="postJira()[pri:0, instance:sample.MavenFramework.RestAPITest@6989da5e]" started-at="2019-11-15T22:15:39Z" name="postJira" finished-at="2019-11-15T22:15:39Z" duration-ms="10" status="PASS">
          <reporter-output>
          </reporter-output>
        </test-method> <!-- postJira -->
      </class> <!-- sample.MavenFramework.RestAPITest -->
      <class name="sample.MavenFramework.SeleniumTest">
        <test-method signature="browserAutomation()[pri:0, instance:sample.MavenFramework.SeleniumTest@385c9627]" started-at="2019-11-15T22:15:39Z" name="browserAutomation" finished-at="2019-11-15T22:15:39Z" duration-ms="1" status="PASS">
          <reporter-output>
          </reporter-output>
        </test-method> <!-- browserAutomation -->
      </class> <!-- sample.MavenFramework.SeleniumTest -->
    </test> <!-- Test -->
  </suite> <!-- Suite -->
</testng-results>
