<?xml version="1.0" encoding="UTF-8"?>
<testsuite xmlns:xsi="http://www.w3.org/2001/XMLSchema-instance" xsi:noNamespaceSchemaLocation="https://maven.apache.org/surefire/maven-surefire-plugin/xsd/surefire-test-report-3.0.xsd" version="3.0" name="TestSuite" time="1.36" tests="2" errors="0" skipped="0" failures="0">
  <properties>
[...]
</properties>
  <testcase name="postJira" classname="sample.MavenFramework.RestAPITest" time="0.036"/>
  <testcase name="browserAutomation" classname="sample.MavenFramework.SeleniumTest" time="0.001"/>
</testsuite>